<?xml version="1.0" encoding="UTF-8"?>
<testng-results skipped="0" failed="0" ignored="0" total="2" passed="2">
  <reporter-output>
  </reporter-output>
  <suite name="Suite1" duration-ms="99494" started-at="2022-05-26T13:05:38 IST" finished-at="2022-05-26T13:07:18 IST">
    <groups>
    </groups>
    <test name="Test1" duration-ms="99494" started-at="2022-05-26T13:05:38 IST" finished-at="2022-05-26T13:07:18 IST">
      <class name="POMConfig.DriverPOM">
        <test-method status="PASS" signature="openBrowserTest()[pri:0, instance:POMConfig.DriverPOM@6eceb130]" name="openBrowserTest" is-config="true" duration-ms="21061" started-at="2022-05-26T13:05:38 IST" finished-at="2022-05-26T13:05:59 IST">
          <reporter-output>
          </reporter-output>
        </test-method> <!-- openBrowserTest -->
        <test-method status="PASS" signature="loginTest1()[pri:0, instance:POMConfig.DriverPOM@6eceb130]" name="loginTest1" duration-ms="7215" started-at="2022-05-26T13:06:00 IST" finished-at="2022-05-26T13:06:08 IST">
          <reporter-output>
          </reporter-output>
        </test-method> <!-- loginTest1 -->
        <test-method status="PASS" signature="takeScreeshot(org.testng.ITestResult)[pri:0, instance:POMConfig.DriverPOM@6eceb130]" name="takeScreeshot" is-config="true" duration-ms="11" started-at="2022-05-26T13:06:08 IST" finished-at="2022-05-26T13:06:08 IST">
          <params>
            <param index="0">
              <value>
                <![CDATA[[TestResult name=loginTest1 status=SUCCESS method=DriverPOM.loginTest1()[pri:0, instance:POMConfig.DriverPOM@6eceb130] output={null}]]]>
              </value>
            </param>
          </params>
          <reporter-output>
          </reporter-output>
        </test-method> <!-- takeScreeshot -->
        <test-method status="PASS" signature="sendEmailTest2()[pri:0, instance:POMConfig.DriverPOM@6eceb130]" name="sendEmailTest2" duration-ms="69702" started-at="2022-05-26T13:06:08 IST" depends-on-methods="POMConfig.DriverPOM.loginTest1" finished-at="2022-05-26T13:07:17 IST">
          <reporter-output>
          </reporter-output>
        </test-method> <!-- sendEmailTest2 -->
        <test-method status="PASS" signature="takeScreeshot(org.testng.ITestResult)[pri:0, instance:POMConfig.DriverPOM@6eceb130]" name="takeScreeshot" is-config="true" duration-ms="1" started-at="2022-05-26T13:07:17 IST" finished-at="2022-05-26T13:07:17 IST">
          <params>
            <param index="0">
              <value>
                <![CDATA[[TestResult name=sendEmailTest2 status=SUCCESS method=DriverPOM.sendEmailTest2()[pri:0, instance:POMConfig.DriverPOM@6eceb130] output={null}]]]>
              </value>
            </param>
          </params>
          <reporter-output>
          </reporter-output>
        </test-method> <!-- takeScreeshot -->
        <test-method status="PASS" signature="closeDriverTest()[pri:0, instance:POMConfig.DriverPOM@6eceb130]" name="closeDriverTest" is-config="true" duration-ms="1" started-at="2022-05-26T13:07:18 IST" finished-at="2022-05-26T13:07:18 IST">
          <reporter-output>
          </reporter-output>
        </test-method> <!-- closeDriverTest -->
      </class> <!-- POMConfig.DriverPOM -->
    </test> <!-- Test1 -->
  </suite> <!-- Suite1 -->
</testng-results>
